Build started 04/02/2013 12:31:01.
     1>Project "C:\Users\Vangoule\Desktop\Coding\C++\Works in Progress\Voxel\OpenGL\OpenGL.vcxproj" on node 2 (Build target(s)).
     1>ClCompile:
         C:\Program Files (x86)\Microsoft Visual Studio 11.0\VC\bin\CL.exe /c /Zi /nologo /W3 /WX- /O2 /Oi /Oy- /GL /D _MBCS /Gm- /EHsc /MD /GS /Gy /fp:precise /Zc:wchar_t /Zc:forScope /Fo"Release\\" /Fd"Release\vc110.pdb" /Gd /TP /analyze- /errorReport:prompt ChunkManager.cpp
         ChunkManager.cpp
       Link:
         C:\Program Files (x86)\Microsoft Visual Studio 11.0\VC\bin\link.exe /ERRORREPORT:PROMPT /OUT:"C:\Users\Vangoule\Desktop\Coding\C++\Works in Progress\Voxel\Release\OpenGL.exe" /NOLOGO "sfml-graphics.lib" "sfml-window.lib" "sfml-system.lib" ILU.lib libnoise.lib ILUT.lib DevIL.lib glew32.lib glu32.lib opengl32.lib kernel32.lib user32.lib gdi32.lib winspool.lib comdlg32.lib advapi32.lib shell32.lib ole32.lib oleaut32.lib uuid.lib odbc32.lib odbccp32.lib /MANIFEST /MANIFESTUAC:"level='asInvoker' uiAccess='false'" /manifest:embed /DEBUG /PDB:"C:\Users\Vangoule\Desktop\Coding\C++\Works in Progress\Voxel\Release\OpenGL.pdb" /OPT:REF /OPT:ICF /LTCG /TLBID:1 /DYNAMICBASE /NXCOMPAT /IMPLIB:"C:\Users\Vangoule\Desktop\Coding\C++\Works in Progress\Voxel\Release\OpenGL.lib" /MACHINE:X86 /SAFESEH Release\Block.obj
         Release\Chunk.obj
         Release\ChunkManager.obj
         Release\Engine.obj
         Release\Game.obj
         Release\Globals.obj
         Release\Graphics3D.obj
         Release\Input.obj
         Release\main.obj
         Release\Model.obj
         Release\NoiseManager.obj
         Release\noiseutils.obj
         Release\objloader.obj
         Release\shader.obj
         Release\vboindexer.obj
         Release\Window.obj
         Generating code
         Finished generating code
     1>libnoise.lib(libnoise.dll) : error LNK2026: module unsafe for SAFESEH image.
     1>libnoise.lib(libnoise.dll) : error LNK2026: module unsafe for SAFESEH image.
     1>libnoise.lib(libnoise.dll) : error LNK2026: module unsafe for SAFESEH image.
     1>libnoise.lib(libnoise.dll) : error LNK2026: module unsafe for SAFESEH image.
     1>libnoise.lib(libnoise.dll) : error LNK2026: module unsafe for SAFESEH image.
     1>libnoise.lib(libnoise.dll) : error LNK2026: module unsafe for SAFESEH image.
     1>libnoise.lib(libnoise.dll) : error LNK2026: module unsafe for SAFESEH image.
     1>libnoise.lib(libnoise.dll) : error LNK2026: module unsafe for SAFESEH image.
     1>C:\Users\Vangoule\Desktop\Coding\C++\Works in Progress\Voxel\Release\OpenGL.exe : fatal error LNK1281: Unable to generate SAFESEH image.
     1>Done Building Project "C:\Users\Vangoule\Desktop\Coding\C++\Works in Progress\Voxel\OpenGL\OpenGL.vcxproj" (Build target(s)) -- FAILED.

Build FAILED.

Time Elapsed 00:00:12.64
