Build started 19/02/2013 19:29:16.
     1>Project "C:\Users\Vangoule\Desktop\Coding\C++\Works in Progress\Voxel\OpenGL\OpenGL.vcxproj" on node 2 (Build target(s)).
     1>ClCompile:
         C:\Program Files (x86)\Microsoft Visual Studio 11.0\VC\bin\CL.exe /c /ZI /nologo /W3 /WX- /Od /Oy- /D _MBCS /Gm /EHsc /RTC1 /MDd /GS /fp:precise /Zc:wchar_t /Zc:forScope /Fo"Debug\\" /Fd"Debug\vc110.pdb" /Gd /TP /analyze- /errorReport:prompt Graphics3D.cpp
         Graphics3D.cpp
     1>c:\users\vangoule\desktop\coding\c++\works in progress\voxel\opengl\graphics3d.cpp(219): warning C4244: 'argument' : conversion from 'time_t' to 'unsigned int', possible loss of data
       Link:
         C:\Program Files (x86)\Microsoft Visual Studio 11.0\VC\bin\link.exe /ERRORREPORT:PROMPT /OUT:"C:\Users\Vangoule\Desktop\Coding\C++\Works in Progress\Voxel\Debug\OpenGL.exe" /INCREMENTAL /NOLOGO "sfml-graphics-d.lib" "sfml-window-d.lib" "sfml-system-d.lib" ILU.lib libnoise.lib ILUT.lib DevIL.lib glew32.lib glu32.lib opengl32.lib kernel32.lib user32.lib gdi32.lib winspool.lib comdlg32.lib advapi32.lib shell32.lib ole32.lib oleaut32.lib uuid.lib odbc32.lib odbccp32.lib /MANIFEST /MANIFESTUAC:"level='asInvoker' uiAccess='false'" /manifest:embed /DEBUG /PDB:"C:\Users\Vangoule\Desktop\Coding\C++\Works in Progress\Voxel\Debug\OpenGL.pdb" /TLBID:1 /DYNAMICBASE /NXCOMPAT /IMPLIB:"C:\Users\Vangoule\Desktop\Coding\C++\Works in Progress\Voxel\Debug\OpenGL.lib" /MACHINE:X86 Debug\Block.obj
         Debug\Chunk.obj
         Debug\ChunkManager.obj
         Debug\Engine.obj
         Debug\Game.obj
         Debug\Globals.obj
         Debug\Graphics3D.obj
         Debug\Input.obj
         Debug\main.obj
         Debug\Model.obj
         Debug\NoiseManager.obj
         Debug\noiseutils.obj
         Debug\objloader.obj
         Debug\shader.obj
         Debug\vboindexer.obj
         Debug\Window.obj
         OpenGL.vcxproj -> C:\Users\Vangoule\Desktop\Coding\C++\Works in Progress\Voxel\Debug\OpenGL.exe
     1>Done Building Project "C:\Users\Vangoule\Desktop\Coding\C++\Works in Progress\Voxel\OpenGL\OpenGL.vcxproj" (Build target(s)).

Build succeeded.

Time Elapsed 00:00:04.97
