C:\USERS\VANGOULE\DESKTOP\CODING\C++\WORKS IN PROGRESS\VOXEL\OPENGL\DEBUG\BLOCK.OBJ
C:\USERS\VANGOULE\DESKTOP\CODING\C++\WORKS IN PROGRESS\VOXEL\OPENGL\DEBUG\CHUNK.OBJ
C:\USERS\VANGOULE\DESKTOP\CODING\C++\WORKS IN PROGRESS\VOXEL\OPENGL\DEBUG\ENGINE.OBJ
C:\USERS\VANGOULE\DESKTOP\CODING\C++\WORKS IN PROGRESS\VOXEL\OPENGL\DEBUG\GAME.OBJ
C:\USERS\VANGOULE\DESKTOP\CODING\C++\WORKS IN PROGRESS\VOXEL\OPENGL\DEBUG\GLOBALS.OBJ
C:\USERS\VANGOULE\DESKTOP\CODING\C++\WORKS IN PROGRESS\VOXEL\OPENGL\DEBUG\GRAPHICS3D.OBJ
C:\USERS\VANGOULE\DESKTOP\CODING\C++\WORKS IN PROGRESS\VOXEL\OPENGL\DEBUG\INPUT.OBJ
C:\USERS\VANGOULE\DESKTOP\CODING\C++\WORKS IN PROGRESS\VOXEL\OPENGL\DEBUG\MAIN.OBJ
C:\USERS\VANGOULE\DESKTOP\CODING\C++\WORKS IN PROGRESS\VOXEL\OPENGL\DEBUG\MODEL.OBJ
C:\USERS\VANGOULE\DESKTOP\CODING\C++\WORKS IN PROGRESS\VOXEL\OPENGL\DEBUG\OBJLOADER.OBJ
C:\USERS\VANGOULE\DESKTOP\CODING\C++\WORKS IN PROGRESS\VOXEL\OPENGL\DEBUG\SHADER.OBJ
C:\USERS\VANGOULE\DESKTOP\CODING\C++\WORKS IN PROGRESS\VOXEL\OPENGL\DEBUG\WINDOW.OBJ
C:\USERS\VANGOULE\DESKTOP\CODING\C++\WORKS IN PROGRESS\VOXEL\OPENGL\DEBUG\VC110.PDB
C:\USERS\VANGOULE\DESKTOP\CODING\C++\WORKS IN PROGRESS\VOXEL\OPENGL\DEBUG\CHUNKMANAGER.OBJ
C:\USERS\VANGOULE\DESKTOP\CODING\C++\WORKS IN PROGRESS\VOXEL\OPENGL\DEBUG\VBOINDEXER.OBJ
C:\USERS\VANGOULE\DESKTOP\CODING\C++\WORKS IN PROGRESS\VOXEL\OPENGL\DEBUG\NOISEUTILS.OBJ
C:\USERS\VANGOULE\DESKTOP\CODING\C++\WORKS IN PROGRESS\VOXEL\OPENGL\DEBUG\NOISEMANAGER.OBJ
C:\Users\Vangoule\Desktop\Coding\C++\Works in Progress\Voxel\OpenGL\Debug\Block.obj
C:\Users\Vangoule\Desktop\Coding\C++\Works in Progress\Voxel\OpenGL\Debug\Chunk.obj
C:\Users\Vangoule\Desktop\Coding\C++\Works in Progress\Voxel\OpenGL\Debug\ChunkManager.obj
C:\Users\Vangoule\Desktop\Coding\C++\Works in Progress\Voxel\OpenGL\Debug\Engine.obj
C:\Users\Vangoule\Desktop\Coding\C++\Works in Progress\Voxel\OpenGL\Debug\Game.obj
C:\Users\Vangoule\Desktop\Coding\C++\Works in Progress\Voxel\OpenGL\Debug\Globals.obj
C:\Users\Vangoule\Desktop\Coding\C++\Works in Progress\Voxel\OpenGL\Debug\Graphics3D.obj
C:\Users\Vangoule\Desktop\Coding\C++\Works in Progress\Voxel\OpenGL\Debug\Input.obj
C:\Users\Vangoule\Desktop\Coding\C++\Works in Progress\Voxel\OpenGL\Debug\main.obj
C:\Users\Vangoule\Desktop\Coding\C++\Works in Progress\Voxel\OpenGL\Debug\Model.obj
C:\Users\Vangoule\Desktop\Coding\C++\Works in Progress\Voxel\OpenGL\Debug\NoiseManager.obj
C:\Users\Vangoule\Desktop\Coding\C++\Works in Progress\Voxel\OpenGL\Debug\noiseutils.obj
C:\Users\Vangoule\Desktop\Coding\C++\Works in Progress\Voxel\OpenGL\Debug\objloader.obj
C:\Users\Vangoule\Desktop\Coding\C++\Works in Progress\Voxel\OpenGL\Debug\shader.obj
C:\Users\Vangoule\Desktop\Coding\C++\Works in Progress\Voxel\OpenGL\Debug\vboindexer.obj
C:\Users\Vangoule\Desktop\Coding\C++\Works in Progress\Voxel\OpenGL\Debug\Window.obj
C:\Users\Vangoule\Desktop\Coding\C++\Works in Progress\Voxel\OpenGL\Debug\cl.command.1.tlog
C:\Users\Vangoule\Desktop\Coding\C++\Works in Progress\Voxel\OpenGL\Debug\CL.read.1.tlog
C:\Users\Vangoule\Desktop\Coding\C++\Works in Progress\Voxel\OpenGL\Debug\CL.write.1.tlog
C:\Users\Vangoule\Desktop\Coding\C++\Works in Progress\Voxel\OpenGL\Debug\link-cvtres.read.1.tlog
C:\Users\Vangoule\Desktop\Coding\C++\Works in Progress\Voxel\OpenGL\Debug\link-cvtres.write.1.tlog
C:\Users\Vangoule\Desktop\Coding\C++\Works in Progress\Voxel\OpenGL\Debug\link-rc.read.1.tlog
C:\Users\Vangoule\Desktop\Coding\C++\Works in Progress\Voxel\OpenGL\Debug\link-rc.write.1.tlog
C:\Users\Vangoule\Desktop\Coding\C++\Works in Progress\Voxel\OpenGL\Debug\link.10016-cvtres.read.1.tlog
C:\Users\Vangoule\Desktop\Coding\C++\Works in Progress\Voxel\OpenGL\Debug\link.10016-cvtres.write.1.tlog
C:\Users\Vangoule\Desktop\Coding\C++\Works in Progress\Voxel\OpenGL\Debug\link.10016-rc.read.1.tlog
C:\Users\Vangoule\Desktop\Coding\C++\Works in Progress\Voxel\OpenGL\Debug\link.10016-rc.write.1.tlog
C:\Users\Vangoule\Desktop\Coding\C++\Works in Progress\Voxel\OpenGL\Debug\link.10016.read.1.tlog
C:\Users\Vangoule\Desktop\Coding\C++\Works in Progress\Voxel\OpenGL\Debug\link.10016.write.1.tlog
C:\Users\Vangoule\Desktop\Coding\C++\Works in Progress\Voxel\OpenGL\Debug\link.10224-cvtres.read.1.tlog
C:\Users\Vangoule\Desktop\Coding\C++\Works in Progress\Voxel\OpenGL\Debug\link.10224-cvtres.write.1.tlog
C:\Users\Vangoule\Desktop\Coding\C++\Works in Progress\Voxel\OpenGL\Debug\link.10224-rc.read.1.tlog
C:\Users\Vangoule\Desktop\Coding\C++\Works in Progress\Voxel\OpenGL\Debug\link.10224-rc.write.1.tlog
C:\Users\Vangoule\Desktop\Coding\C++\Works in Progress\Voxel\OpenGL\Debug\link.10224.read.1.tlog
C:\Users\Vangoule\Desktop\Coding\C++\Works in Progress\Voxel\OpenGL\Debug\link.10224.write.1.tlog
C:\Users\Vangoule\Desktop\Coding\C++\Works in Progress\Voxel\OpenGL\Debug\link.1080-cvtres.read.1.tlog
C:\Users\Vangoule\Desktop\Coding\C++\Works in Progress\Voxel\OpenGL\Debug\link.1080-cvtres.write.1.tlog
C:\Users\Vangoule\Desktop\Coding\C++\Works in Progress\Voxel\OpenGL\Debug\link.1080-rc.read.1.tlog
C:\Users\Vangoule\Desktop\Coding\C++\Works in Progress\Voxel\OpenGL\Debug\link.1080-rc.write.1.tlog
C:\Users\Vangoule\Desktop\Coding\C++\Works in Progress\Voxel\OpenGL\Debug\link.1080.read.1.tlog
C:\Users\Vangoule\Desktop\Coding\C++\Works in Progress\Voxel\OpenGL\Debug\link.1080.write.1.tlog
C:\Users\Vangoule\Desktop\Coding\C++\Works in Progress\Voxel\OpenGL\Debug\link.11848-cvtres.read.1.tlog
C:\Users\Vangoule\Desktop\Coding\C++\Works in Progress\Voxel\OpenGL\Debug\link.11848-cvtres.write.1.tlog
C:\Users\Vangoule\Desktop\Coding\C++\Works in Progress\Voxel\OpenGL\Debug\link.11848-rc.read.1.tlog
C:\Users\Vangoule\Desktop\Coding\C++\Works in Progress\Voxel\OpenGL\Debug\link.11848-rc.write.1.tlog
C:\Users\Vangoule\Desktop\Coding\C++\Works in Progress\Voxel\OpenGL\Debug\link.11848.read.1.tlog
C:\Users\Vangoule\Desktop\Coding\C++\Works in Progress\Voxel\OpenGL\Debug\link.11848.write.1.tlog
C:\Users\Vangoule\Desktop\Coding\C++\Works in Progress\Voxel\OpenGL\Debug\link.1236-cvtres.read.1.tlog
C:\Users\Vangoule\Desktop\Coding\C++\Works in Progress\Voxel\OpenGL\Debug\link.1236-cvtres.write.1.tlog
C:\Users\Vangoule\Desktop\Coding\C++\Works in Progress\Voxel\OpenGL\Debug\link.1236-rc.read.1.tlog
C:\Users\Vangoule\Desktop\Coding\C++\Works in Progress\Voxel\OpenGL\Debug\link.1236-rc.write.1.tlog
C:\Users\Vangoule\Desktop\Coding\C++\Works in Progress\Voxel\OpenGL\Debug\link.1236.read.1.tlog
C:\Users\Vangoule\Desktop\Coding\C++\Works in Progress\Voxel\OpenGL\Debug\link.1236.write.1.tlog
C:\Users\Vangoule\Desktop\Coding\C++\Works in Progress\Voxel\OpenGL\Debug\link.12596-cvtres.read.1.tlog
C:\Users\Vangoule\Desktop\Coding\C++\Works in Progress\Voxel\OpenGL\Debug\link.12596-cvtres.write.1.tlog
C:\Users\Vangoule\Desktop\Coding\C++\Works in Progress\Voxel\OpenGL\Debug\link.12596-rc.read.1.tlog
C:\Users\Vangoule\Desktop\Coding\C++\Works in Progress\Voxel\OpenGL\Debug\link.12596-rc.write.1.tlog
C:\Users\Vangoule\Desktop\Coding\C++\Works in Progress\Voxel\OpenGL\Debug\link.12596.read.1.tlog
C:\Users\Vangoule\Desktop\Coding\C++\Works in Progress\Voxel\OpenGL\Debug\link.12596.write.1.tlog
C:\Users\Vangoule\Desktop\Coding\C++\Works in Progress\Voxel\OpenGL\Debug\link.12600-cvtres.read.1.tlog
C:\Users\Vangoule\Desktop\Coding\C++\Works in Progress\Voxel\OpenGL\Debug\link.12600-cvtres.write.1.tlog
C:\Users\Vangoule\Desktop\Coding\C++\Works in Progress\Voxel\OpenGL\Debug\link.12600-rc.read.1.tlog
C:\Users\Vangoule\Desktop\Coding\C++\Works in Progress\Voxel\OpenGL\Debug\link.12600-rc.write.1.tlog
C:\Users\Vangoule\Desktop\Coding\C++\Works in Progress\Voxel\OpenGL\Debug\link.12600.read.1.tlog
C:\Users\Vangoule\Desktop\Coding\C++\Works in Progress\Voxel\OpenGL\Debug\link.12600.write.1.tlog
C:\Users\Vangoule\Desktop\Coding\C++\Works in Progress\Voxel\OpenGL\Debug\link.13364-cvtres.read.1.tlog
C:\Users\Vangoule\Desktop\Coding\C++\Works in Progress\Voxel\OpenGL\Debug\link.13364-cvtres.write.1.tlog
C:\Users\Vangoule\Desktop\Coding\C++\Works in Progress\Voxel\OpenGL\Debug\link.13364-rc.read.1.tlog
C:\Users\Vangoule\Desktop\Coding\C++\Works in Progress\Voxel\OpenGL\Debug\link.13364-rc.write.1.tlog
C:\Users\Vangoule\Desktop\Coding\C++\Works in Progress\Voxel\OpenGL\Debug\link.13364.read.1.tlog
C:\Users\Vangoule\Desktop\Coding\C++\Works in Progress\Voxel\OpenGL\Debug\link.13364.write.1.tlog
C:\Users\Vangoule\Desktop\Coding\C++\Works in Progress\Voxel\OpenGL\Debug\link.13400-cvtres.read.1.tlog
C:\Users\Vangoule\Desktop\Coding\C++\Works in Progress\Voxel\OpenGL\Debug\link.13400-cvtres.write.1.tlog
C:\Users\Vangoule\Desktop\Coding\C++\Works in Progress\Voxel\OpenGL\Debug\link.13400-rc.read.1.tlog
C:\Users\Vangoule\Desktop\Coding\C++\Works in Progress\Voxel\OpenGL\Debug\link.13400-rc.write.1.tlog
C:\Users\Vangoule\Desktop\Coding\C++\Works in Progress\Voxel\OpenGL\Debug\link.13400.read.1.tlog
C:\Users\Vangoule\Desktop\Coding\C++\Works in Progress\Voxel\OpenGL\Debug\link.13400.write.1.tlog
C:\Users\Vangoule\Desktop\Coding\C++\Works in Progress\Voxel\OpenGL\Debug\link.13404-cvtres.read.1.tlog
C:\Users\Vangoule\Desktop\Coding\C++\Works in Progress\Voxel\OpenGL\Debug\link.13404-cvtres.write.1.tlog
C:\Users\Vangoule\Desktop\Coding\C++\Works in Progress\Voxel\OpenGL\Debug\link.13404-rc.read.1.tlog
C:\Users\Vangoule\Desktop\Coding\C++\Works in Progress\Voxel\OpenGL\Debug\link.13404-rc.write.1.tlog
C:\Users\Vangoule\Desktop\Coding\C++\Works in Progress\Voxel\OpenGL\Debug\link.13404.read.1.tlog
C:\Users\Vangoule\Desktop\Coding\C++\Works in Progress\Voxel\OpenGL\Debug\link.13404.write.1.tlog
C:\Users\Vangoule\Desktop\Coding\C++\Works in Progress\Voxel\OpenGL\Debug\link.13480-cvtres.read.1.tlog
C:\Users\Vangoule\Desktop\Coding\C++\Works in Progress\Voxel\OpenGL\Debug\link.13480-cvtres.write.1.tlog
C:\Users\Vangoule\Desktop\Coding\C++\Works in Progress\Voxel\OpenGL\Debug\link.13480-rc.read.1.tlog
C:\Users\Vangoule\Desktop\Coding\C++\Works in Progress\Voxel\OpenGL\Debug\link.13480-rc.write.1.tlog
C:\Users\Vangoule\Desktop\Coding\C++\Works in Progress\Voxel\OpenGL\Debug\link.13480.read.1.tlog
C:\Users\Vangoule\Desktop\Coding\C++\Works in Progress\Voxel\OpenGL\Debug\link.13480.write.1.tlog
C:\Users\Vangoule\Desktop\Coding\C++\Works in Progress\Voxel\OpenGL\Debug\link.1360-cvtres.read.1.tlog
C:\Users\Vangoule\Desktop\Coding\C++\Works in Progress\Voxel\OpenGL\Debug\link.1360-cvtres.write.1.tlog
C:\Users\Vangoule\Desktop\Coding\C++\Works in Progress\Voxel\OpenGL\Debug\link.1360-rc.read.1.tlog
C:\Users\Vangoule\Desktop\Coding\C++\Works in Progress\Voxel\OpenGL\Debug\link.1360-rc.write.1.tlog
C:\Users\Vangoule\Desktop\Coding\C++\Works in Progress\Voxel\OpenGL\Debug\link.1360.read.1.tlog
C:\Users\Vangoule\Desktop\Coding\C++\Works in Progress\Voxel\OpenGL\Debug\link.1360.write.1.tlog
C:\Users\Vangoule\Desktop\Coding\C++\Works in Progress\Voxel\OpenGL\Debug\link.13664-cvtres.read.1.tlog
C:\Users\Vangoule\Desktop\Coding\C++\Works in Progress\Voxel\OpenGL\Debug\link.13664-cvtres.write.1.tlog
C:\Users\Vangoule\Desktop\Coding\C++\Works in Progress\Voxel\OpenGL\Debug\link.13664-rc.read.1.tlog
C:\Users\Vangoule\Desktop\Coding\C++\Works in Progress\Voxel\OpenGL\Debug\link.13664-rc.write.1.tlog
C:\Users\Vangoule\Desktop\Coding\C++\Works in Progress\Voxel\OpenGL\Debug\link.13664.read.1.tlog
C:\Users\Vangoule\Desktop\Coding\C++\Works in Progress\Voxel\OpenGL\Debug\link.13664.write.1.tlog
C:\Users\Vangoule\Desktop\Coding\C++\Works in Progress\Voxel\OpenGL\Debug\link.13672-cvtres.read.1.tlog
C:\Users\Vangoule\Desktop\Coding\C++\Works in Progress\Voxel\OpenGL\Debug\link.13672-cvtres.write.1.tlog
C:\Users\Vangoule\Desktop\Coding\C++\Works in Progress\Voxel\OpenGL\Debug\link.13672-rc.read.1.tlog
C:\Users\Vangoule\Desktop\Coding\C++\Works in Progress\Voxel\OpenGL\Debug\link.13672-rc.write.1.tlog
C:\Users\Vangoule\Desktop\Coding\C++\Works in Progress\Voxel\OpenGL\Debug\link.13672.read.1.tlog
C:\Users\Vangoule\Desktop\Coding\C++\Works in Progress\Voxel\OpenGL\Debug\link.13672.write.1.tlog
C:\Users\Vangoule\Desktop\Coding\C++\Works in Progress\Voxel\OpenGL\Debug\link.13700-cvtres.read.1.tlog
C:\Users\Vangoule\Desktop\Coding\C++\Works in Progress\Voxel\OpenGL\Debug\link.13700-cvtres.write.1.tlog
C:\Users\Vangoule\Desktop\Coding\C++\Works in Progress\Voxel\OpenGL\Debug\link.13700-rc.read.1.tlog
C:\Users\Vangoule\Desktop\Coding\C++\Works in Progress\Voxel\OpenGL\Debug\link.13700-rc.write.1.tlog
C:\Users\Vangoule\Desktop\Coding\C++\Works in Progress\Voxel\OpenGL\Debug\link.13700.read.1.tlog
C:\Users\Vangoule\Desktop\Coding\C++\Works in Progress\Voxel\OpenGL\Debug\link.13700.write.1.tlog
C:\Users\Vangoule\Desktop\Coding\C++\Works in Progress\Voxel\OpenGL\Debug\link.14072-cvtres.read.1.tlog
C:\Users\Vangoule\Desktop\Coding\C++\Works in Progress\Voxel\OpenGL\Debug\link.14072-cvtres.write.1.tlog
C:\Users\Vangoule\Desktop\Coding\C++\Works in Progress\Voxel\OpenGL\Debug\link.14072-rc.read.1.tlog
C:\Users\Vangoule\Desktop\Coding\C++\Works in Progress\Voxel\OpenGL\Debug\link.14072-rc.write.1.tlog
C:\Users\Vangoule\Desktop\Coding\C++\Works in Progress\Voxel\OpenGL\Debug\link.14072.read.1.tlog
C:\Users\Vangoule\Desktop\Coding\C++\Works in Progress\Voxel\OpenGL\Debug\link.14072.write.1.tlog
C:\Users\Vangoule\Desktop\Coding\C++\Works in Progress\Voxel\OpenGL\Debug\link.1408-cvtres.read.1.tlog
C:\Users\Vangoule\Desktop\Coding\C++\Works in Progress\Voxel\OpenGL\Debug\link.1408-cvtres.write.1.tlog
C:\Users\Vangoule\Desktop\Coding\C++\Works in Progress\Voxel\OpenGL\Debug\link.1408-rc.read.1.tlog
C:\Users\Vangoule\Desktop\Coding\C++\Works in Progress\Voxel\OpenGL\Debug\link.1408-rc.write.1.tlog
C:\Users\Vangoule\Desktop\Coding\C++\Works in Progress\Voxel\OpenGL\Debug\link.1408.read.1.tlog
C:\Users\Vangoule\Desktop\Coding\C++\Works in Progress\Voxel\OpenGL\Debug\link.1408.write.1.tlog
C:\Users\Vangoule\Desktop\Coding\C++\Works in Progress\Voxel\OpenGL\Debug\link.1472-cvtres.read.1.tlog
C:\Users\Vangoule\Desktop\Coding\C++\Works in Progress\Voxel\OpenGL\Debug\link.1472-cvtres.write.1.tlog
C:\Users\Vangoule\Desktop\Coding\C++\Works in Progress\Voxel\OpenGL\Debug\link.1472-rc.read.1.tlog
C:\Users\Vangoule\Desktop\Coding\C++\Works in Progress\Voxel\OpenGL\Debug\link.1472-rc.write.1.tlog
C:\Users\Vangoule\Desktop\Coding\C++\Works in Progress\Voxel\OpenGL\Debug\link.1472.read.1.tlog
C:\Users\Vangoule\Desktop\Coding\C++\Works in Progress\Voxel\OpenGL\Debug\link.1472.write.1.tlog
C:\Users\Vangoule\Desktop\Coding\C++\Works in Progress\Voxel\OpenGL\Debug\link.14736-cvtres.read.1.tlog
C:\Users\Vangoule\Desktop\Coding\C++\Works in Progress\Voxel\OpenGL\Debug\link.14736-cvtres.write.1.tlog
C:\Users\Vangoule\Desktop\Coding\C++\Works in Progress\Voxel\OpenGL\Debug\link.14736-rc.read.1.tlog
C:\Users\Vangoule\Desktop\Coding\C++\Works in Progress\Voxel\OpenGL\Debug\link.14736-rc.write.1.tlog
C:\Users\Vangoule\Desktop\Coding\C++\Works in Progress\Voxel\OpenGL\Debug\link.14736.read.1.tlog
C:\Users\Vangoule\Desktop\Coding\C++\Works in Progress\Voxel\OpenGL\Debug\link.14736.write.1.tlog
C:\Users\Vangoule\Desktop\Coding\C++\Works in Progress\Voxel\OpenGL\Debug\link.15272-cvtres.read.1.tlog
C:\Users\Vangoule\Desktop\Coding\C++\Works in Progress\Voxel\OpenGL\Debug\link.15272-cvtres.write.1.tlog
C:\Users\Vangoule\Desktop\Coding\C++\Works in Progress\Voxel\OpenGL\Debug\link.15272-rc.read.1.tlog
C:\Users\Vangoule\Desktop\Coding\C++\Works in Progress\Voxel\OpenGL\Debug\link.15272-rc.write.1.tlog
C:\Users\Vangoule\Desktop\Coding\C++\Works in Progress\Voxel\OpenGL\Debug\link.15272.read.1.tlog
C:\Users\Vangoule\Desktop\Coding\C++\Works in Progress\Voxel\OpenGL\Debug\link.15272.write.1.tlog
C:\Users\Vangoule\Desktop\Coding\C++\Works in Progress\Voxel\OpenGL\Debug\link.2636-cvtres.read.1.tlog
C:\Users\Vangoule\Desktop\Coding\C++\Works in Progress\Voxel\OpenGL\Debug\link.2636-cvtres.write.1.tlog
C:\Users\Vangoule\Desktop\Coding\C++\Works in Progress\Voxel\OpenGL\Debug\link.2636-rc.read.1.tlog
C:\Users\Vangoule\Desktop\Coding\C++\Works in Progress\Voxel\OpenGL\Debug\link.2636-rc.write.1.tlog
C:\Users\Vangoule\Desktop\Coding\C++\Works in Progress\Voxel\OpenGL\Debug\link.2636.read.1.tlog
C:\Users\Vangoule\Desktop\Coding\C++\Works in Progress\Voxel\OpenGL\Debug\link.2636.write.1.tlog
C:\Users\Vangoule\Desktop\Coding\C++\Works in Progress\Voxel\OpenGL\Debug\link.276-cvtres.read.1.tlog
C:\Users\Vangoule\Desktop\Coding\C++\Works in Progress\Voxel\OpenGL\Debug\link.276-cvtres.write.1.tlog
C:\Users\Vangoule\Desktop\Coding\C++\Works in Progress\Voxel\OpenGL\Debug\link.276-rc.read.1.tlog
C:\Users\Vangoule\Desktop\Coding\C++\Works in Progress\Voxel\OpenGL\Debug\link.276-rc.write.1.tlog
C:\Users\Vangoule\Desktop\Coding\C++\Works in Progress\Voxel\OpenGL\Debug\link.276.read.1.tlog
C:\Users\Vangoule\Desktop\Coding\C++\Works in Progress\Voxel\OpenGL\Debug\link.276.write.1.tlog
C:\Users\Vangoule\Desktop\Coding\C++\Works in Progress\Voxel\OpenGL\Debug\link.3176-cvtres.read.1.tlog
C:\Users\Vangoule\Desktop\Coding\C++\Works in Progress\Voxel\OpenGL\Debug\link.3176-cvtres.write.1.tlog
C:\Users\Vangoule\Desktop\Coding\C++\Works in Progress\Voxel\OpenGL\Debug\link.3176-rc.read.1.tlog
C:\Users\Vangoule\Desktop\Coding\C++\Works in Progress\Voxel\OpenGL\Debug\link.3176-rc.write.1.tlog
C:\Users\Vangoule\Desktop\Coding\C++\Works in Progress\Voxel\OpenGL\Debug\link.3176.read.1.tlog
C:\Users\Vangoule\Desktop\Coding\C++\Works in Progress\Voxel\OpenGL\Debug\link.3176.write.1.tlog
C:\Users\Vangoule\Desktop\Coding\C++\Works in Progress\Voxel\OpenGL\Debug\link.3604-cvtres.read.1.tlog
C:\Users\Vangoule\Desktop\Coding\C++\Works in Progress\Voxel\OpenGL\Debug\link.3604-cvtres.write.1.tlog
C:\Users\Vangoule\Desktop\Coding\C++\Works in Progress\Voxel\OpenGL\Debug\link.3604-rc.read.1.tlog
C:\Users\Vangoule\Desktop\Coding\C++\Works in Progress\Voxel\OpenGL\Debug\link.3604-rc.write.1.tlog
C:\Users\Vangoule\Desktop\Coding\C++\Works in Progress\Voxel\OpenGL\Debug\link.3604.read.1.tlog
C:\Users\Vangoule\Desktop\Coding\C++\Works in Progress\Voxel\OpenGL\Debug\link.3604.write.1.tlog
C:\Users\Vangoule\Desktop\Coding\C++\Works in Progress\Voxel\OpenGL\Debug\link.3904-cvtres.read.1.tlog
C:\Users\Vangoule\Desktop\Coding\C++\Works in Progress\Voxel\OpenGL\Debug\link.3904-cvtres.write.1.tlog
C:\Users\Vangoule\Desktop\Coding\C++\Works in Progress\Voxel\OpenGL\Debug\link.3904-rc.read.1.tlog
C:\Users\Vangoule\Desktop\Coding\C++\Works in Progress\Voxel\OpenGL\Debug\link.3904-rc.write.1.tlog
C:\Users\Vangoule\Desktop\Coding\C++\Works in Progress\Voxel\OpenGL\Debug\link.3904.read.1.tlog
C:\Users\Vangoule\Desktop\Coding\C++\Works in Progress\Voxel\OpenGL\Debug\link.3904.write.1.tlog
C:\Users\Vangoule\Desktop\Coding\C++\Works in Progress\Voxel\OpenGL\Debug\link.4208-cvtres.read.1.tlog
C:\Users\Vangoule\Desktop\Coding\C++\Works in Progress\Voxel\OpenGL\Debug\link.4208-cvtres.write.1.tlog
C:\Users\Vangoule\Desktop\Coding\C++\Works in Progress\Voxel\OpenGL\Debug\link.4208-rc.read.1.tlog
C:\Users\Vangoule\Desktop\Coding\C++\Works in Progress\Voxel\OpenGL\Debug\link.4208-rc.write.1.tlog
C:\Users\Vangoule\Desktop\Coding\C++\Works in Progress\Voxel\OpenGL\Debug\link.4208.read.1.tlog
C:\Users\Vangoule\Desktop\Coding\C++\Works in Progress\Voxel\OpenGL\Debug\link.4208.write.1.tlog
C:\Users\Vangoule\Desktop\Coding\C++\Works in Progress\Voxel\OpenGL\Debug\link.4220-cvtres.read.1.tlog
C:\Users\Vangoule\Desktop\Coding\C++\Works in Progress\Voxel\OpenGL\Debug\link.4220-cvtres.write.1.tlog
C:\Users\Vangoule\Desktop\Coding\C++\Works in Progress\Voxel\OpenGL\Debug\link.4220-rc.read.1.tlog
C:\Users\Vangoule\Desktop\Coding\C++\Works in Progress\Voxel\OpenGL\Debug\link.4220-rc.write.1.tlog
C:\Users\Vangoule\Desktop\Coding\C++\Works in Progress\Voxel\OpenGL\Debug\link.4220.read.1.tlog
C:\Users\Vangoule\Desktop\Coding\C++\Works in Progress\Voxel\OpenGL\Debug\link.4220.write.1.tlog
C:\Users\Vangoule\Desktop\Coding\C++\Works in Progress\Voxel\OpenGL\Debug\link.4280-cvtres.read.1.tlog
C:\Users\Vangoule\Desktop\Coding\C++\Works in Progress\Voxel\OpenGL\Debug\link.4280-cvtres.write.1.tlog
C:\Users\Vangoule\Desktop\Coding\C++\Works in Progress\Voxel\OpenGL\Debug\link.4280-rc.read.1.tlog
C:\Users\Vangoule\Desktop\Coding\C++\Works in Progress\Voxel\OpenGL\Debug\link.4280-rc.write.1.tlog
C:\Users\Vangoule\Desktop\Coding\C++\Works in Progress\Voxel\OpenGL\Debug\link.4280.read.1.tlog
C:\Users\Vangoule\Desktop\Coding\C++\Works in Progress\Voxel\OpenGL\Debug\link.4280.write.1.tlog
C:\Users\Vangoule\Desktop\Coding\C++\Works in Progress\Voxel\OpenGL\Debug\link.4380-cvtres.read.1.tlog
C:\Users\Vangoule\Desktop\Coding\C++\Works in Progress\Voxel\OpenGL\Debug\link.4380-cvtres.write.1.tlog
C:\Users\Vangoule\Desktop\Coding\C++\Works in Progress\Voxel\OpenGL\Debug\link.4380-rc.read.1.tlog
C:\Users\Vangoule\Desktop\Coding\C++\Works in Progress\Voxel\OpenGL\Debug\link.4380-rc.write.1.tlog
C:\Users\Vangoule\Desktop\Coding\C++\Works in Progress\Voxel\OpenGL\Debug\link.4380.read.1.tlog
C:\Users\Vangoule\Desktop\Coding\C++\Works in Progress\Voxel\OpenGL\Debug\link.4380.write.1.tlog
C:\Users\Vangoule\Desktop\Coding\C++\Works in Progress\Voxel\OpenGL\Debug\link.4588-cvtres.read.1.tlog
C:\Users\Vangoule\Desktop\Coding\C++\Works in Progress\Voxel\OpenGL\Debug\link.4588-cvtres.write.1.tlog
C:\Users\Vangoule\Desktop\Coding\C++\Works in Progress\Voxel\OpenGL\Debug\link.4588-rc.read.1.tlog
C:\Users\Vangoule\Desktop\Coding\C++\Works in Progress\Voxel\OpenGL\Debug\link.4588-rc.write.1.tlog
C:\Users\Vangoule\Desktop\Coding\C++\Works in Progress\Voxel\OpenGL\Debug\link.4588.read.1.tlog
C:\Users\Vangoule\Desktop\Coding\C++\Works in Progress\Voxel\OpenGL\Debug\link.4588.write.1.tlog
C:\Users\Vangoule\Desktop\Coding\C++\Works in Progress\Voxel\OpenGL\Debug\link.480-cvtres.read.1.tlog
C:\Users\Vangoule\Desktop\Coding\C++\Works in Progress\Voxel\OpenGL\Debug\link.480-cvtres.write.1.tlog
C:\Users\Vangoule\Desktop\Coding\C++\Works in Progress\Voxel\OpenGL\Debug\link.480-rc.read.1.tlog
C:\Users\Vangoule\Desktop\Coding\C++\Works in Progress\Voxel\OpenGL\Debug\link.480-rc.write.1.tlog
C:\Users\Vangoule\Desktop\Coding\C++\Works in Progress\Voxel\OpenGL\Debug\link.480.read.1.tlog
C:\Users\Vangoule\Desktop\Coding\C++\Works in Progress\Voxel\OpenGL\Debug\link.480.write.1.tlog
C:\Users\Vangoule\Desktop\Coding\C++\Works in Progress\Voxel\OpenGL\Debug\link.4912-cvtres.read.1.tlog
C:\Users\Vangoule\Desktop\Coding\C++\Works in Progress\Voxel\OpenGL\Debug\link.4912-cvtres.write.1.tlog
C:\Users\Vangoule\Desktop\Coding\C++\Works in Progress\Voxel\OpenGL\Debug\link.4912-rc.read.1.tlog
C:\Users\Vangoule\Desktop\Coding\C++\Works in Progress\Voxel\OpenGL\Debug\link.4912-rc.write.1.tlog
C:\Users\Vangoule\Desktop\Coding\C++\Works in Progress\Voxel\OpenGL\Debug\link.4912.read.1.tlog
C:\Users\Vangoule\Desktop\Coding\C++\Works in Progress\Voxel\OpenGL\Debug\link.4912.write.1.tlog
C:\Users\Vangoule\Desktop\Coding\C++\Works in Progress\Voxel\OpenGL\Debug\link.5296-cvtres.read.1.tlog
C:\Users\Vangoule\Desktop\Coding\C++\Works in Progress\Voxel\OpenGL\Debug\link.5296-cvtres.write.1.tlog
C:\Users\Vangoule\Desktop\Coding\C++\Works in Progress\Voxel\OpenGL\Debug\link.5296-rc.read.1.tlog
C:\Users\Vangoule\Desktop\Coding\C++\Works in Progress\Voxel\OpenGL\Debug\link.5296-rc.write.1.tlog
C:\Users\Vangoule\Desktop\Coding\C++\Works in Progress\Voxel\OpenGL\Debug\link.5296.read.1.tlog
C:\Users\Vangoule\Desktop\Coding\C++\Works in Progress\Voxel\OpenGL\Debug\link.5296.write.1.tlog
C:\Users\Vangoule\Desktop\Coding\C++\Works in Progress\Voxel\OpenGL\Debug\link.5368-cvtres.read.1.tlog
C:\Users\Vangoule\Desktop\Coding\C++\Works in Progress\Voxel\OpenGL\Debug\link.5368-cvtres.write.1.tlog
C:\Users\Vangoule\Desktop\Coding\C++\Works in Progress\Voxel\OpenGL\Debug\link.5368-rc.read.1.tlog
C:\Users\Vangoule\Desktop\Coding\C++\Works in Progress\Voxel\OpenGL\Debug\link.5368-rc.write.1.tlog
C:\Users\Vangoule\Desktop\Coding\C++\Works in Progress\Voxel\OpenGL\Debug\link.5368.read.1.tlog
C:\Users\Vangoule\Desktop\Coding\C++\Works in Progress\Voxel\OpenGL\Debug\link.5368.write.1.tlog
C:\Users\Vangoule\Desktop\Coding\C++\Works in Progress\Voxel\OpenGL\Debug\link.5592-cvtres.read.1.tlog
C:\Users\Vangoule\Desktop\Coding\C++\Works in Progress\Voxel\OpenGL\Debug\link.5592-cvtres.write.1.tlog
C:\Users\Vangoule\Desktop\Coding\C++\Works in Progress\Voxel\OpenGL\Debug\link.5592-rc.read.1.tlog
C:\Users\Vangoule\Desktop\Coding\C++\Works in Progress\Voxel\OpenGL\Debug\link.5592-rc.write.1.tlog
C:\Users\Vangoule\Desktop\Coding\C++\Works in Progress\Voxel\OpenGL\Debug\link.5592.read.1.tlog
C:\Users\Vangoule\Desktop\Coding\C++\Works in Progress\Voxel\OpenGL\Debug\link.5592.write.1.tlog
C:\Users\Vangoule\Desktop\Coding\C++\Works in Progress\Voxel\OpenGL\Debug\link.5960-cvtres.read.1.tlog
C:\Users\Vangoule\Desktop\Coding\C++\Works in Progress\Voxel\OpenGL\Debug\link.5960-cvtres.write.1.tlog
C:\Users\Vangoule\Desktop\Coding\C++\Works in Progress\Voxel\OpenGL\Debug\link.5960-rc.read.1.tlog
C:\Users\Vangoule\Desktop\Coding\C++\Works in Progress\Voxel\OpenGL\Debug\link.5960-rc.write.1.tlog
C:\Users\Vangoule\Desktop\Coding\C++\Works in Progress\Voxel\OpenGL\Debug\link.5960.read.1.tlog
C:\Users\Vangoule\Desktop\Coding\C++\Works in Progress\Voxel\OpenGL\Debug\link.5960.write.1.tlog
C:\Users\Vangoule\Desktop\Coding\C++\Works in Progress\Voxel\OpenGL\Debug\link.5988-cvtres.read.1.tlog
C:\Users\Vangoule\Desktop\Coding\C++\Works in Progress\Voxel\OpenGL\Debug\link.5988-cvtres.write.1.tlog
C:\Users\Vangoule\Desktop\Coding\C++\Works in Progress\Voxel\OpenGL\Debug\link.5988-rc.read.1.tlog
C:\Users\Vangoule\Desktop\Coding\C++\Works in Progress\Voxel\OpenGL\Debug\link.5988-rc.write.1.tlog
C:\Users\Vangoule\Desktop\Coding\C++\Works in Progress\Voxel\OpenGL\Debug\link.5988.read.1.tlog
C:\Users\Vangoule\Desktop\Coding\C++\Works in Progress\Voxel\OpenGL\Debug\link.5988.write.1.tlog
C:\Users\Vangoule\Desktop\Coding\C++\Works in Progress\Voxel\OpenGL\Debug\link.6040-cvtres.read.1.tlog
C:\Users\Vangoule\Desktop\Coding\C++\Works in Progress\Voxel\OpenGL\Debug\link.6040-cvtres.write.1.tlog
C:\Users\Vangoule\Desktop\Coding\C++\Works in Progress\Voxel\OpenGL\Debug\link.6040-rc.read.1.tlog
C:\Users\Vangoule\Desktop\Coding\C++\Works in Progress\Voxel\OpenGL\Debug\link.6040-rc.write.1.tlog
C:\Users\Vangoule\Desktop\Coding\C++\Works in Progress\Voxel\OpenGL\Debug\link.6040.read.1.tlog
C:\Users\Vangoule\Desktop\Coding\C++\Works in Progress\Voxel\OpenGL\Debug\link.6040.write.1.tlog
C:\Users\Vangoule\Desktop\Coding\C++\Works in Progress\Voxel\OpenGL\Debug\link.6160-cvtres.read.1.tlog
C:\Users\Vangoule\Desktop\Coding\C++\Works in Progress\Voxel\OpenGL\Debug\link.6160-cvtres.write.1.tlog
C:\Users\Vangoule\Desktop\Coding\C++\Works in Progress\Voxel\OpenGL\Debug\link.6160-rc.read.1.tlog
C:\Users\Vangoule\Desktop\Coding\C++\Works in Progress\Voxel\OpenGL\Debug\link.6160-rc.write.1.tlog
C:\Users\Vangoule\Desktop\Coding\C++\Works in Progress\Voxel\OpenGL\Debug\link.6160.read.1.tlog
C:\Users\Vangoule\Desktop\Coding\C++\Works in Progress\Voxel\OpenGL\Debug\link.6160.write.1.tlog
C:\Users\Vangoule\Desktop\Coding\C++\Works in Progress\Voxel\OpenGL\Debug\link.6248-cvtres.read.1.tlog
C:\Users\Vangoule\Desktop\Coding\C++\Works in Progress\Voxel\OpenGL\Debug\link.6248-cvtres.write.1.tlog
C:\Users\Vangoule\Desktop\Coding\C++\Works in Progress\Voxel\OpenGL\Debug\link.6248-rc.read.1.tlog
C:\Users\Vangoule\Desktop\Coding\C++\Works in Progress\Voxel\OpenGL\Debug\link.6248-rc.write.1.tlog
C:\Users\Vangoule\Desktop\Coding\C++\Works in Progress\Voxel\OpenGL\Debug\link.6248.read.1.tlog
C:\Users\Vangoule\Desktop\Coding\C++\Works in Progress\Voxel\OpenGL\Debug\link.6248.write.1.tlog
C:\Users\Vangoule\Desktop\Coding\C++\Works in Progress\Voxel\OpenGL\Debug\link.6320-cvtres.read.1.tlog
C:\Users\Vangoule\Desktop\Coding\C++\Works in Progress\Voxel\OpenGL\Debug\link.6320-cvtres.write.1.tlog
C:\Users\Vangoule\Desktop\Coding\C++\Works in Progress\Voxel\OpenGL\Debug\link.6320-rc.read.1.tlog
C:\Users\Vangoule\Desktop\Coding\C++\Works in Progress\Voxel\OpenGL\Debug\link.6320-rc.write.1.tlog
C:\Users\Vangoule\Desktop\Coding\C++\Works in Progress\Voxel\OpenGL\Debug\link.6320.read.1.tlog
C:\Users\Vangoule\Desktop\Coding\C++\Works in Progress\Voxel\OpenGL\Debug\link.6320.write.1.tlog
C:\Users\Vangoule\Desktop\Coding\C++\Works in Progress\Voxel\OpenGL\Debug\link.6420-cvtres.read.1.tlog
C:\Users\Vangoule\Desktop\Coding\C++\Works in Progress\Voxel\OpenGL\Debug\link.6420-cvtres.write.1.tlog
C:\Users\Vangoule\Desktop\Coding\C++\Works in Progress\Voxel\OpenGL\Debug\link.6420-rc.read.1.tlog
C:\Users\Vangoule\Desktop\Coding\C++\Works in Progress\Voxel\OpenGL\Debug\link.6420-rc.write.1.tlog
C:\Users\Vangoule\Desktop\Coding\C++\Works in Progress\Voxel\OpenGL\Debug\link.6420.read.1.tlog
C:\Users\Vangoule\Desktop\Coding\C++\Works in Progress\Voxel\OpenGL\Debug\link.6420.write.1.tlog
C:\Users\Vangoule\Desktop\Coding\C++\Works in Progress\Voxel\OpenGL\Debug\link.6484-cvtres.read.1.tlog
C:\Users\Vangoule\Desktop\Coding\C++\Works in Progress\Voxel\OpenGL\Debug\link.6484-cvtres.write.1.tlog
C:\Users\Vangoule\Desktop\Coding\C++\Works in Progress\Voxel\OpenGL\Debug\link.6484-rc.read.1.tlog
C:\Users\Vangoule\Desktop\Coding\C++\Works in Progress\Voxel\OpenGL\Debug\link.6484-rc.write.1.tlog
C:\Users\Vangoule\Desktop\Coding\C++\Works in Progress\Voxel\OpenGL\Debug\link.6484.read.1.tlog
C:\Users\Vangoule\Desktop\Coding\C++\Works in Progress\Voxel\OpenGL\Debug\link.6484.write.1.tlog
C:\Users\Vangoule\Desktop\Coding\C++\Works in Progress\Voxel\OpenGL\Debug\link.6508-cvtres.read.1.tlog
C:\Users\Vangoule\Desktop\Coding\C++\Works in Progress\Voxel\OpenGL\Debug\link.6508-cvtres.write.1.tlog
C:\Users\Vangoule\Desktop\Coding\C++\Works in Progress\Voxel\OpenGL\Debug\link.6508-rc.read.1.tlog
C:\Users\Vangoule\Desktop\Coding\C++\Works in Progress\Voxel\OpenGL\Debug\link.6508-rc.write.1.tlog
C:\Users\Vangoule\Desktop\Coding\C++\Works in Progress\Voxel\OpenGL\Debug\link.6508.read.1.tlog
C:\Users\Vangoule\Desktop\Coding\C++\Works in Progress\Voxel\OpenGL\Debug\link.6508.write.1.tlog
C:\Users\Vangoule\Desktop\Coding\C++\Works in Progress\Voxel\OpenGL\Debug\link.6668-cvtres.read.1.tlog
C:\Users\Vangoule\Desktop\Coding\C++\Works in Progress\Voxel\OpenGL\Debug\link.6668-cvtres.write.1.tlog
C:\Users\Vangoule\Desktop\Coding\C++\Works in Progress\Voxel\OpenGL\Debug\link.6668-rc.read.1.tlog
C:\Users\Vangoule\Desktop\Coding\C++\Works in Progress\Voxel\OpenGL\Debug\link.6668-rc.write.1.tlog
C:\Users\Vangoule\Desktop\Coding\C++\Works in Progress\Voxel\OpenGL\Debug\link.6668.read.1.tlog
C:\Users\Vangoule\Desktop\Coding\C++\Works in Progress\Voxel\OpenGL\Debug\link.6668.write.1.tlog
C:\Users\Vangoule\Desktop\Coding\C++\Works in Progress\Voxel\OpenGL\Debug\link.6704-cvtres.read.1.tlog
C:\Users\Vangoule\Desktop\Coding\C++\Works in Progress\Voxel\OpenGL\Debug\link.6704-cvtres.write.1.tlog
C:\Users\Vangoule\Desktop\Coding\C++\Works in Progress\Voxel\OpenGL\Debug\link.6704-rc.read.1.tlog
C:\Users\Vangoule\Desktop\Coding\C++\Works in Progress\Voxel\OpenGL\Debug\link.6704-rc.write.1.tlog
C:\Users\Vangoule\Desktop\Coding\C++\Works in Progress\Voxel\OpenGL\Debug\link.6704.read.1.tlog
C:\Users\Vangoule\Desktop\Coding\C++\Works in Progress\Voxel\OpenGL\Debug\link.6704.write.1.tlog
C:\Users\Vangoule\Desktop\Coding\C++\Works in Progress\Voxel\OpenGL\Debug\link.6776-cvtres.read.1.tlog
C:\Users\Vangoule\Desktop\Coding\C++\Works in Progress\Voxel\OpenGL\Debug\link.6776-cvtres.write.1.tlog
C:\Users\Vangoule\Desktop\Coding\C++\Works in Progress\Voxel\OpenGL\Debug\link.6776-rc.read.1.tlog
C:\Users\Vangoule\Desktop\Coding\C++\Works in Progress\Voxel\OpenGL\Debug\link.6776-rc.write.1.tlog
C:\Users\Vangoule\Desktop\Coding\C++\Works in Progress\Voxel\OpenGL\Debug\link.6776.read.1.tlog
C:\Users\Vangoule\Desktop\Coding\C++\Works in Progress\Voxel\OpenGL\Debug\link.6776.write.1.tlog
C:\Users\Vangoule\Desktop\Coding\C++\Works in Progress\Voxel\OpenGL\Debug\link.6780-cvtres.read.1.tlog
C:\Users\Vangoule\Desktop\Coding\C++\Works in Progress\Voxel\OpenGL\Debug\link.6780-cvtres.write.1.tlog
C:\Users\Vangoule\Desktop\Coding\C++\Works in Progress\Voxel\OpenGL\Debug\link.6780-rc.read.1.tlog
C:\Users\Vangoule\Desktop\Coding\C++\Works in Progress\Voxel\OpenGL\Debug\link.6780-rc.write.1.tlog
C:\Users\Vangoule\Desktop\Coding\C++\Works in Progress\Voxel\OpenGL\Debug\link.6780.read.1.tlog
C:\Users\Vangoule\Desktop\Coding\C++\Works in Progress\Voxel\OpenGL\Debug\link.6780.write.1.tlog
C:\Users\Vangoule\Desktop\Coding\C++\Works in Progress\Voxel\OpenGL\Debug\link.6952-cvtres.read.1.tlog
C:\Users\Vangoule\Desktop\Coding\C++\Works in Progress\Voxel\OpenGL\Debug\link.6952-cvtres.write.1.tlog
C:\Users\Vangoule\Desktop\Coding\C++\Works in Progress\Voxel\OpenGL\Debug\link.6952-rc.read.1.tlog
C:\Users\Vangoule\Desktop\Coding\C++\Works in Progress\Voxel\OpenGL\Debug\link.6952-rc.write.1.tlog
C:\Users\Vangoule\Desktop\Coding\C++\Works in Progress\Voxel\OpenGL\Debug\link.6952.read.1.tlog
C:\Users\Vangoule\Desktop\Coding\C++\Works in Progress\Voxel\OpenGL\Debug\link.6952.write.1.tlog
C:\Users\Vangoule\Desktop\Coding\C++\Works in Progress\Voxel\OpenGL\Debug\link.6980-cvtres.read.1.tlog
C:\Users\Vangoule\Desktop\Coding\C++\Works in Progress\Voxel\OpenGL\Debug\link.6980-cvtres.write.1.tlog
C:\Users\Vangoule\Desktop\Coding\C++\Works in Progress\Voxel\OpenGL\Debug\link.6980-rc.read.1.tlog
C:\Users\Vangoule\Desktop\Coding\C++\Works in Progress\Voxel\OpenGL\Debug\link.6980-rc.write.1.tlog
C:\Users\Vangoule\Desktop\Coding\C++\Works in Progress\Voxel\OpenGL\Debug\link.6980.read.1.tlog
C:\Users\Vangoule\Desktop\Coding\C++\Works in Progress\Voxel\OpenGL\Debug\link.6980.write.1.tlog
C:\Users\Vangoule\Desktop\Coding\C++\Works in Progress\Voxel\OpenGL\Debug\link.7012-cvtres.read.1.tlog
C:\Users\Vangoule\Desktop\Coding\C++\Works in Progress\Voxel\OpenGL\Debug\link.7012-cvtres.write.1.tlog
C:\Users\Vangoule\Desktop\Coding\C++\Works in Progress\Voxel\OpenGL\Debug\link.7012-rc.read.1.tlog
C:\Users\Vangoule\Desktop\Coding\C++\Works in Progress\Voxel\OpenGL\Debug\link.7012-rc.write.1.tlog
C:\Users\Vangoule\Desktop\Coding\C++\Works in Progress\Voxel\OpenGL\Debug\link.7012.read.1.tlog
C:\Users\Vangoule\Desktop\Coding\C++\Works in Progress\Voxel\OpenGL\Debug\link.7012.write.1.tlog
C:\Users\Vangoule\Desktop\Coding\C++\Works in Progress\Voxel\OpenGL\Debug\link.7112-cvtres.read.1.tlog
C:\Users\Vangoule\Desktop\Coding\C++\Works in Progress\Voxel\OpenGL\Debug\link.7112-cvtres.write.1.tlog
C:\Users\Vangoule\Desktop\Coding\C++\Works in Progress\Voxel\OpenGL\Debug\link.7112-rc.read.1.tlog
C:\Users\Vangoule\Desktop\Coding\C++\Works in Progress\Voxel\OpenGL\Debug\link.7112-rc.write.1.tlog
C:\Users\Vangoule\Desktop\Coding\C++\Works in Progress\Voxel\OpenGL\Debug\link.7112.read.1.tlog
C:\Users\Vangoule\Desktop\Coding\C++\Works in Progress\Voxel\OpenGL\Debug\link.7112.write.1.tlog
C:\Users\Vangoule\Desktop\Coding\C++\Works in Progress\Voxel\OpenGL\Debug\link.7128-cvtres.read.1.tlog
C:\Users\Vangoule\Desktop\Coding\C++\Works in Progress\Voxel\OpenGL\Debug\link.7128-cvtres.write.1.tlog
C:\Users\Vangoule\Desktop\Coding\C++\Works in Progress\Voxel\OpenGL\Debug\link.7128-rc.read.1.tlog
C:\Users\Vangoule\Desktop\Coding\C++\Works in Progress\Voxel\OpenGL\Debug\link.7128-rc.write.1.tlog
C:\Users\Vangoule\Desktop\Coding\C++\Works in Progress\Voxel\OpenGL\Debug\link.7128.read.1.tlog
C:\Users\Vangoule\Desktop\Coding\C++\Works in Progress\Voxel\OpenGL\Debug\link.7128.write.1.tlog
C:\Users\Vangoule\Desktop\Coding\C++\Works in Progress\Voxel\OpenGL\Debug\link.72-cvtres.read.1.tlog
C:\Users\Vangoule\Desktop\Coding\C++\Works in Progress\Voxel\OpenGL\Debug\link.72-cvtres.write.1.tlog
C:\Users\Vangoule\Desktop\Coding\C++\Works in Progress\Voxel\OpenGL\Debug\link.72-rc.read.1.tlog
C:\Users\Vangoule\Desktop\Coding\C++\Works in Progress\Voxel\OpenGL\Debug\link.72-rc.write.1.tlog
C:\Users\Vangoule\Desktop\Coding\C++\Works in Progress\Voxel\OpenGL\Debug\link.72.read.1.tlog
C:\Users\Vangoule\Desktop\Coding\C++\Works in Progress\Voxel\OpenGL\Debug\link.72.write.1.tlog
C:\Users\Vangoule\Desktop\Coding\C++\Works in Progress\Voxel\OpenGL\Debug\link.7300-cvtres.read.1.tlog
C:\Users\Vangoule\Desktop\Coding\C++\Works in Progress\Voxel\OpenGL\Debug\link.7300-cvtres.write.1.tlog
C:\Users\Vangoule\Desktop\Coding\C++\Works in Progress\Voxel\OpenGL\Debug\link.7300-rc.read.1.tlog
C:\Users\Vangoule\Desktop\Coding\C++\Works in Progress\Voxel\OpenGL\Debug\link.7300-rc.write.1.tlog
C:\Users\Vangoule\Desktop\Coding\C++\Works in Progress\Voxel\OpenGL\Debug\link.7300.read.1.tlog
C:\Users\Vangoule\Desktop\Coding\C++\Works in Progress\Voxel\OpenGL\Debug\link.7300.write.1.tlog
C:\Users\Vangoule\Desktop\Coding\C++\Works in Progress\Voxel\OpenGL\Debug\link.7448-cvtres.read.1.tlog
C:\Users\Vangoule\Desktop\Coding\C++\Works in Progress\Voxel\OpenGL\Debug\link.7448-cvtres.write.1.tlog
C:\Users\Vangoule\Desktop\Coding\C++\Works in Progress\Voxel\OpenGL\Debug\link.7448-rc.read.1.tlog
C:\Users\Vangoule\Desktop\Coding\C++\Works in Progress\Voxel\OpenGL\Debug\link.7448-rc.write.1.tlog
C:\Users\Vangoule\Desktop\Coding\C++\Works in Progress\Voxel\OpenGL\Debug\link.7448.read.1.tlog
C:\Users\Vangoule\Desktop\Coding\C++\Works in Progress\Voxel\OpenGL\Debug\link.7448.write.1.tlog
C:\Users\Vangoule\Desktop\Coding\C++\Works in Progress\Voxel\OpenGL\Debug\link.7464-cvtres.read.1.tlog
C:\Users\Vangoule\Desktop\Coding\C++\Works in Progress\Voxel\OpenGL\Debug\link.7464-cvtres.write.1.tlog
C:\Users\Vangoule\Desktop\Coding\C++\Works in Progress\Voxel\OpenGL\Debug\link.7464-rc.read.1.tlog
C:\Users\Vangoule\Desktop\Coding\C++\Works in Progress\Voxel\OpenGL\Debug\link.7464-rc.write.1.tlog
C:\Users\Vangoule\Desktop\Coding\C++\Works in Progress\Voxel\OpenGL\Debug\link.7464.read.1.tlog
C:\Users\Vangoule\Desktop\Coding\C++\Works in Progress\Voxel\OpenGL\Debug\link.7464.write.1.tlog
C:\Users\Vangoule\Desktop\Coding\C++\Works in Progress\Voxel\OpenGL\Debug\link.7484-cvtres.read.1.tlog
C:\Users\Vangoule\Desktop\Coding\C++\Works in Progress\Voxel\OpenGL\Debug\link.7484-cvtres.write.1.tlog
C:\Users\Vangoule\Desktop\Coding\C++\Works in Progress\Voxel\OpenGL\Debug\link.7484-rc.read.1.tlog
C:\Users\Vangoule\Desktop\Coding\C++\Works in Progress\Voxel\OpenGL\Debug\link.7484-rc.write.1.tlog
C:\Users\Vangoule\Desktop\Coding\C++\Works in Progress\Voxel\OpenGL\Debug\link.7484.read.1.tlog
C:\Users\Vangoule\Desktop\Coding\C++\Works in Progress\Voxel\OpenGL\Debug\link.7484.write.1.tlog
C:\Users\Vangoule\Desktop\Coding\C++\Works in Progress\Voxel\OpenGL\Debug\link.7664-cvtres.read.1.tlog
C:\Users\Vangoule\Desktop\Coding\C++\Works in Progress\Voxel\OpenGL\Debug\link.7664-cvtres.write.1.tlog
C:\Users\Vangoule\Desktop\Coding\C++\Works in Progress\Voxel\OpenGL\Debug\link.7664-rc.read.1.tlog
C:\Users\Vangoule\Desktop\Coding\C++\Works in Progress\Voxel\OpenGL\Debug\link.7664-rc.write.1.tlog
C:\Users\Vangoule\Desktop\Coding\C++\Works in Progress\Voxel\OpenGL\Debug\link.7664.read.1.tlog
C:\Users\Vangoule\Desktop\Coding\C++\Works in Progress\Voxel\OpenGL\Debug\link.7664.write.1.tlog
C:\Users\Vangoule\Desktop\Coding\C++\Works in Progress\Voxel\OpenGL\Debug\link.7688-cvtres.read.1.tlog
C:\Users\Vangoule\Desktop\Coding\C++\Works in Progress\Voxel\OpenGL\Debug\link.7688-cvtres.write.1.tlog
C:\Users\Vangoule\Desktop\Coding\C++\Works in Progress\Voxel\OpenGL\Debug\link.7688-rc.read.1.tlog
C:\Users\Vangoule\Desktop\Coding\C++\Works in Progress\Voxel\OpenGL\Debug\link.7688-rc.write.1.tlog
C:\Users\Vangoule\Desktop\Coding\C++\Works in Progress\Voxel\OpenGL\Debug\link.7688.read.1.tlog
C:\Users\Vangoule\Desktop\Coding\C++\Works in Progress\Voxel\OpenGL\Debug\link.7688.write.1.tlog
C:\Users\Vangoule\Desktop\Coding\C++\Works in Progress\Voxel\OpenGL\Debug\link.7748-cvtres.read.1.tlog
C:\Users\Vangoule\Desktop\Coding\C++\Works in Progress\Voxel\OpenGL\Debug\link.7748-cvtres.write.1.tlog
C:\Users\Vangoule\Desktop\Coding\C++\Works in Progress\Voxel\OpenGL\Debug\link.7748-rc.read.1.tlog
C:\Users\Vangoule\Desktop\Coding\C++\Works in Progress\Voxel\OpenGL\Debug\link.7748-rc.write.1.tlog
C:\Users\Vangoule\Desktop\Coding\C++\Works in Progress\Voxel\OpenGL\Debug\link.7748.read.1.tlog
C:\Users\Vangoule\Desktop\Coding\C++\Works in Progress\Voxel\OpenGL\Debug\link.7748.write.1.tlog
C:\Users\Vangoule\Desktop\Coding\C++\Works in Progress\Voxel\OpenGL\Debug\link.7800-cvtres.read.1.tlog
C:\Users\Vangoule\Desktop\Coding\C++\Works in Progress\Voxel\OpenGL\Debug\link.7800-cvtres.write.1.tlog
C:\Users\Vangoule\Desktop\Coding\C++\Works in Progress\Voxel\OpenGL\Debug\link.7800-rc.read.1.tlog
C:\Users\Vangoule\Desktop\Coding\C++\Works in Progress\Voxel\OpenGL\Debug\link.7800-rc.write.1.tlog
C:\Users\Vangoule\Desktop\Coding\C++\Works in Progress\Voxel\OpenGL\Debug\link.7800.read.1.tlog
C:\Users\Vangoule\Desktop\Coding\C++\Works in Progress\Voxel\OpenGL\Debug\link.7800.write.1.tlog
C:\Users\Vangoule\Desktop\Coding\C++\Works in Progress\Voxel\OpenGL\Debug\link.7852-cvtres.read.1.tlog
C:\Users\Vangoule\Desktop\Coding\C++\Works in Progress\Voxel\OpenGL\Debug\link.7852-cvtres.write.1.tlog
C:\Users\Vangoule\Desktop\Coding\C++\Works in Progress\Voxel\OpenGL\Debug\link.7852-rc.read.1.tlog
C:\Users\Vangoule\Desktop\Coding\C++\Works in Progress\Voxel\OpenGL\Debug\link.7852-rc.write.1.tlog
C:\Users\Vangoule\Desktop\Coding\C++\Works in Progress\Voxel\OpenGL\Debug\link.7852.read.1.tlog
C:\Users\Vangoule\Desktop\Coding\C++\Works in Progress\Voxel\OpenGL\Debug\link.7852.write.1.tlog
C:\Users\Vangoule\Desktop\Coding\C++\Works in Progress\Voxel\OpenGL\Debug\link.8000-cvtres.read.1.tlog
C:\Users\Vangoule\Desktop\Coding\C++\Works in Progress\Voxel\OpenGL\Debug\link.8000-cvtres.write.1.tlog
C:\Users\Vangoule\Desktop\Coding\C++\Works in Progress\Voxel\OpenGL\Debug\link.8000-rc.read.1.tlog
C:\Users\Vangoule\Desktop\Coding\C++\Works in Progress\Voxel\OpenGL\Debug\link.8000-rc.write.1.tlog
C:\Users\Vangoule\Desktop\Coding\C++\Works in Progress\Voxel\OpenGL\Debug\link.8000.read.1.tlog
C:\Users\Vangoule\Desktop\Coding\C++\Works in Progress\Voxel\OpenGL\Debug\link.8000.write.1.tlog
C:\Users\Vangoule\Desktop\Coding\C++\Works in Progress\Voxel\OpenGL\Debug\link.8128-cvtres.read.1.tlog
C:\Users\Vangoule\Desktop\Coding\C++\Works in Progress\Voxel\OpenGL\Debug\link.8128-cvtres.write.1.tlog
C:\Users\Vangoule\Desktop\Coding\C++\Works in Progress\Voxel\OpenGL\Debug\link.8128-rc.read.1.tlog
C:\Users\Vangoule\Desktop\Coding\C++\Works in Progress\Voxel\OpenGL\Debug\link.8128-rc.write.1.tlog
C:\Users\Vangoule\Desktop\Coding\C++\Works in Progress\Voxel\OpenGL\Debug\link.8128.read.1.tlog
C:\Users\Vangoule\Desktop\Coding\C++\Works in Progress\Voxel\OpenGL\Debug\link.8128.write.1.tlog
C:\Users\Vangoule\Desktop\Coding\C++\Works in Progress\Voxel\OpenGL\Debug\link.8300-cvtres.read.1.tlog
C:\Users\Vangoule\Desktop\Coding\C++\Works in Progress\Voxel\OpenGL\Debug\link.8300-cvtres.write.1.tlog
C:\Users\Vangoule\Desktop\Coding\C++\Works in Progress\Voxel\OpenGL\Debug\link.8300-rc.read.1.tlog
C:\Users\Vangoule\Desktop\Coding\C++\Works in Progress\Voxel\OpenGL\Debug\link.8300-rc.write.1.tlog
C:\Users\Vangoule\Desktop\Coding\C++\Works in Progress\Voxel\OpenGL\Debug\link.8300.read.1.tlog
C:\Users\Vangoule\Desktop\Coding\C++\Works in Progress\Voxel\OpenGL\Debug\link.8300.write.1.tlog
C:\Users\Vangoule\Desktop\Coding\C++\Works in Progress\Voxel\OpenGL\Debug\link.8308-cvtres.read.1.tlog
C:\Users\Vangoule\Desktop\Coding\C++\Works in Progress\Voxel\OpenGL\Debug\link.8308-cvtres.write.1.tlog
C:\Users\Vangoule\Desktop\Coding\C++\Works in Progress\Voxel\OpenGL\Debug\link.8308-rc.read.1.tlog
C:\Users\Vangoule\Desktop\Coding\C++\Works in Progress\Voxel\OpenGL\Debug\link.8308-rc.write.1.tlog
C:\Users\Vangoule\Desktop\Coding\C++\Works in Progress\Voxel\OpenGL\Debug\link.8308.read.1.tlog
C:\Users\Vangoule\Desktop\Coding\C++\Works in Progress\Voxel\OpenGL\Debug\link.8308.write.1.tlog
C:\Users\Vangoule\Desktop\Coding\C++\Works in Progress\Voxel\OpenGL\Debug\link.8420-cvtres.read.1.tlog
C:\Users\Vangoule\Desktop\Coding\C++\Works in Progress\Voxel\OpenGL\Debug\link.8420-cvtres.write.1.tlog
C:\Users\Vangoule\Desktop\Coding\C++\Works in Progress\Voxel\OpenGL\Debug\link.8420-rc.read.1.tlog
C:\Users\Vangoule\Desktop\Coding\C++\Works in Progress\Voxel\OpenGL\Debug\link.8420-rc.write.1.tlog
C:\Users\Vangoule\Desktop\Coding\C++\Works in Progress\Voxel\OpenGL\Debug\link.8420.read.1.tlog
C:\Users\Vangoule\Desktop\Coding\C++\Works in Progress\Voxel\OpenGL\Debug\link.8420.write.1.tlog
C:\Users\Vangoule\Desktop\Coding\C++\Works in Progress\Voxel\OpenGL\Debug\link.8520-cvtres.read.1.tlog
C:\Users\Vangoule\Desktop\Coding\C++\Works in Progress\Voxel\OpenGL\Debug\link.8520-cvtres.write.1.tlog
C:\Users\Vangoule\Desktop\Coding\C++\Works in Progress\Voxel\OpenGL\Debug\link.8520-rc.read.1.tlog
C:\Users\Vangoule\Desktop\Coding\C++\Works in Progress\Voxel\OpenGL\Debug\link.8520-rc.write.1.tlog
C:\Users\Vangoule\Desktop\Coding\C++\Works in Progress\Voxel\OpenGL\Debug\link.8520.read.1.tlog
C:\Users\Vangoule\Desktop\Coding\C++\Works in Progress\Voxel\OpenGL\Debug\link.8520.write.1.tlog
C:\Users\Vangoule\Desktop\Coding\C++\Works in Progress\Voxel\OpenGL\Debug\link.8796-cvtres.read.1.tlog
C:\Users\Vangoule\Desktop\Coding\C++\Works in Progress\Voxel\OpenGL\Debug\link.8796-cvtres.write.1.tlog
C:\Users\Vangoule\Desktop\Coding\C++\Works in Progress\Voxel\OpenGL\Debug\link.8796-rc.read.1.tlog
C:\Users\Vangoule\Desktop\Coding\C++\Works in Progress\Voxel\OpenGL\Debug\link.8796-rc.write.1.tlog
C:\Users\Vangoule\Desktop\Coding\C++\Works in Progress\Voxel\OpenGL\Debug\link.8796.read.1.tlog
C:\Users\Vangoule\Desktop\Coding\C++\Works in Progress\Voxel\OpenGL\Debug\link.8796.write.1.tlog
C:\Users\Vangoule\Desktop\Coding\C++\Works in Progress\Voxel\OpenGL\Debug\link.8804-cvtres.read.1.tlog
C:\Users\Vangoule\Desktop\Coding\C++\Works in Progress\Voxel\OpenGL\Debug\link.8804-cvtres.write.1.tlog
C:\Users\Vangoule\Desktop\Coding\C++\Works in Progress\Voxel\OpenGL\Debug\link.8804-rc.read.1.tlog
C:\Users\Vangoule\Desktop\Coding\C++\Works in Progress\Voxel\OpenGL\Debug\link.8804-rc.write.1.tlog
C:\Users\Vangoule\Desktop\Coding\C++\Works in Progress\Voxel\OpenGL\Debug\link.8804.read.1.tlog
C:\Users\Vangoule\Desktop\Coding\C++\Works in Progress\Voxel\OpenGL\Debug\link.8804.write.1.tlog
C:\Users\Vangoule\Desktop\Coding\C++\Works in Progress\Voxel\OpenGL\Debug\link.9336-cvtres.read.1.tlog
C:\Users\Vangoule\Desktop\Coding\C++\Works in Progress\Voxel\OpenGL\Debug\link.9336-cvtres.write.1.tlog
C:\Users\Vangoule\Desktop\Coding\C++\Works in Progress\Voxel\OpenGL\Debug\link.9336-rc.read.1.tlog
C:\Users\Vangoule\Desktop\Coding\C++\Works in Progress\Voxel\OpenGL\Debug\link.9336-rc.write.1.tlog
C:\Users\Vangoule\Desktop\Coding\C++\Works in Progress\Voxel\OpenGL\Debug\link.9336.read.1.tlog
C:\Users\Vangoule\Desktop\Coding\C++\Works in Progress\Voxel\OpenGL\Debug\link.9336.write.1.tlog
C:\Users\Vangoule\Desktop\Coding\C++\Works in Progress\Voxel\OpenGL\Debug\link.9624-cvtres.read.1.tlog
C:\Users\Vangoule\Desktop\Coding\C++\Works in Progress\Voxel\OpenGL\Debug\link.9624-cvtres.write.1.tlog
C:\Users\Vangoule\Desktop\Coding\C++\Works in Progress\Voxel\OpenGL\Debug\link.9624-rc.read.1.tlog
C:\Users\Vangoule\Desktop\Coding\C++\Works in Progress\Voxel\OpenGL\Debug\link.9624-rc.write.1.tlog
C:\Users\Vangoule\Desktop\Coding\C++\Works in Progress\Voxel\OpenGL\Debug\link.9624.read.1.tlog
C:\Users\Vangoule\Desktop\Coding\C++\Works in Progress\Voxel\OpenGL\Debug\link.9624.write.1.tlog
C:\Users\Vangoule\Desktop\Coding\C++\Works in Progress\Voxel\OpenGL\Debug\link.9844-cvtres.read.1.tlog
C:\Users\Vangoule\Desktop\Coding\C++\Works in Progress\Voxel\OpenGL\Debug\link.9844-cvtres.write.1.tlog
C:\Users\Vangoule\Desktop\Coding\C++\Works in Progress\Voxel\OpenGL\Debug\link.9844-rc.read.1.tlog
C:\Users\Vangoule\Desktop\Coding\C++\Works in Progress\Voxel\OpenGL\Debug\link.9844-rc.write.1.tlog
C:\Users\Vangoule\Desktop\Coding\C++\Works in Progress\Voxel\OpenGL\Debug\link.9844.read.1.tlog
C:\Users\Vangoule\Desktop\Coding\C++\Works in Progress\Voxel\OpenGL\Debug\link.9844.write.1.tlog
C:\Users\Vangoule\Desktop\Coding\C++\Works in Progress\Voxel\OpenGL\Debug\link.command.1.tlog
C:\Users\Vangoule\Desktop\Coding\C++\Works in Progress\Voxel\OpenGL\Debug\link.read.1.tlog
C:\Users\Vangoule\Desktop\Coding\C++\Works in Progress\Voxel\OpenGL\Debug\link.write.1.tlog
C:\Users\Vangoule\Desktop\Coding\C++\Works in Progress\Voxel\OpenGL\Debug\vc110.idb
C:\Users\Vangoule\Desktop\Coding\C++\Works in Progress\Voxel\OpenGL\Debug\vc110.pdb
C:\Users\Vangoule\Desktop\Coding\C++\Works in Progress\Voxel\Debug\OpenGL.pdb
